{
  "uid" : "9c0844f0c2f6678f",
  "name" : "test_create_user",
  "fullName" : "tests.test_users.TestUsers#test_create_user",
  "historyId" : "ce0b19f95bcbd1de31b616ddbadc8db8",
  "time" : {
    "start" : 1726913839638,
    "stop" : 1726913839638,
    "duration" : 0
  },
  "status" : "failed",
  "statusMessage" : "AssertionError: assert 401 == 205\n +  where 401 = <Response [401]>.status_code",
  "statusTrace" : "@pytest.fixture(autouse=True, scope=\"session\")\n    def init_environment():\n        response = requests.post(\n            url=f\"{HOST}/setup\",\n            headers={\"Authorization\": f\"Bearer {os.getenv('API_TOKEN')}\",\n                    \"X-Task-Id\": \"API-1\"\n                    }\n        )\n>       assert response.status_code == 205\nE       assert 401 == 205\nE        +  where 401 = <Response [401]>.status_code\n\nconftest.py:18: AssertionError",
  "flaky" : false,
  "newFailed" : false,
  "beforeStages" : [ {
    "name" : "_session_faker",
    "time" : {
      "start" : 1726913797753,
      "stop" : 1726913797773,
      "duration" : 20
    },
    "status" : "passed",
    "steps" : [ ],
    "attachments" : [ ],
    "parameters" : [ ],
    "attachmentsCount" : 0,
    "shouldDisplayMessage" : false,
    "stepsCount" : 0,
    "hasContent" : false
  }, {
    "name" : "init_environment",
    "time" : {
      "start" : 1726913797773,
      "stop" : 1726913839567,
      "duration" : 41794
    },
    "status" : "failed",
    "statusMessage" : "AssertionError: assert 401 == 205\n +  where 401 = <Response [401]>.status_code\n",
    "statusTrace" : "  File \"D:\\портфолио\\automation_api\\venv\\Lib\\site-packages\\pluggy\\_callers.py\", line 167, in _multicall\n    teardown.throw(outcome._exception)\n  File \"D:\\портфолио\\automation_api\\venv\\Lib\\site-packages\\_pytest\\setuponly.py\", line 36, in pytest_fixture_setup\n    return (yield)\n            ^^^^^\n  File \"D:\\портфолио\\automation_api\\venv\\Lib\\site-packages\\pluggy\\_callers.py\", line 103, in _multicall\n    res = hook_impl.function(*args)\n          ^^^^^^^^^^^^^^^^^^^^^^^^^\n  File \"D:\\портфолио\\automation_api\\venv\\Lib\\site-packages\\_pytest\\fixtures.py\", line 1140, in pytest_fixture_setup\n    result = call_fixture_func(fixturefunc, request, kwargs)\n             ^^^^^^^^^^^^^^^^^^^^^^^^^^^^^^^^^^^^^^^^^^^^^^^\n  File \"D:\\портфолио\\automation_api\\venv\\Lib\\site-packages\\_pytest\\fixtures.py\", line 898, in call_fixture_func\n    fixture_result = fixturefunc(**kwargs)\n                     ^^^^^^^^^^^^^^^^^^^^^\n  File \"D:\\портфолио\\automation_api\\conftest.py\", line 18, in init_environment\n    assert response.status_code == 205\n",
    "steps" : [ ],
    "attachments" : [ ],
    "parameters" : [ ],
    "attachmentsCount" : 0,
    "shouldDisplayMessage" : true,
    "stepsCount" : 0,
    "hasContent" : true
  } ],
  "afterStages" : [ ],
  "labels" : [ {
    "name" : "epic",
    "value" : "Administration"
  }, {
    "name" : "feature",
    "value" : "Users"
  }, {
    "name" : "tag",
    "value" : "users"
  }, {
    "name" : "parentSuite",
    "value" : "tests"
  }, {
    "name" : "suite",
    "value" : "test_users"
  }, {
    "name" : "subSuite",
    "value" : "TestUsers"
  }, {
    "name" : "host",
    "value" : "Mirbek11"
  }, {
    "name" : "thread",
    "value" : "2448-MainThread"
  }, {
    "name" : "framework",
    "value" : "pytest"
  }, {
    "name" : "language",
    "value" : "cpython3"
  }, {
    "name" : "package",
    "value" : "tests.test_users"
  }, {
    "name" : "resultFormat",
    "value" : "allure2"
  } ],
  "parameters" : [ ],
  "links" : [ ],
  "hidden" : true,
  "retry" : true,
  "extra" : {
    "categories" : [ ],
    "tags" : [ "users" ]
  },
  "source" : "9c0844f0c2f6678f.json",
  "parameterValues" : [ ]
}